# JRE version: Java(TM) SE Runtime Environment (17.0.8+9) (build 17.0.8+9-LTS-211)
# Java VM: Java HotSpot(TM) 64-Bit Server VM (17.0.8+9-LTS-211, mixed mode, sharing, tiered, compressed oops, compressed class ptrs, g1 gc, windows-amd64)
GC Precious Log:
 CPUs: 24 total, 24 available
 Memory: 32655M
 Large Page Support: Disabled
 NUMA Support: Disabled
 Compressed Oops: Enabled (Zero based)
 Heap Region Size: 4M
 Heap Min Capacity: 8M
 Heap Initial Capacity: 512M
 Heap Max Capacity: 8164M
 Pre-touch: Disabled
 Parallel Workers: 18
 Concurrent Workers: 5
 Concurrent Refinement Workers: 18
 Periodic GC: Disabled
Heap:
 garbage-first heap   total 204800K, used 109029K [0x0000000601c00000, 0x0000000800000000)
  region size 4096K, 10 young (40960K), 1 survivors (4096K)
 Metaspace       used 41534K, committed 42048K, reserved 1114112K
  class space    used 4610K, committed 4864K, reserved 1048576K
GC Heap History (20 events):
Event: 0.460 GC heap before
{Heap before GC invocations=0 (full 0):
 garbage-first heap   total 524288K, used 24576K [0x0000000601c00000, 0x0000000800000000)
  region size 4096K, 6 young (24576K), 0 survivors (0K)
 Metaspace       used 5780K, committed 5952K, reserved 1114112K
  class space    used 684K, committed 768K, reserved 1048576K
}
Event: 0.465 GC heap after
{Heap after GC invocations=1 (full 0):
 garbage-first heap   total 524288K, used 4096K [0x0000000601c00000, 0x0000000800000000)
  region size 4096K, 1 young (4096K), 1 survivors (4096K)
 Metaspace       used 5780K, committed 5952K, reserved 1114112K
  class space    used 684K, committed 768K, reserved 1048576K
}
Event: 0.810 GC heap before
{Heap before GC invocations=1 (full 0):
 garbage-first heap   total 524288K, used 32768K [0x0000000601c00000, 0x0000000800000000)
  region size 4096K, 8 young (32768K), 1 survivors (4096K)
 Metaspace       used 9465K, committed 9664K, reserved 1114112K
  class space    used 1141K, committed 1216K, reserved 1048576K
}
Event: 0.814 GC heap after
{Heap after GC invocations=2 (full 0):
 garbage-first heap   total 524288K, used 5371K [0x0000000601c00000, 0x0000000800000000)
  region size 4096K, 1 young (4096K), 1 survivors (4096K)
 Metaspace       used 9465K, committed 9664K, reserved 1114112K
  class space    used 1141K, committed 1216K, reserved 1048576K
}
Event: 3.046 GC heap before
{Heap before GC invocations=2 (full 0):
 garbage-first heap   total 524288K, used 238843K [0x0000000601c00000, 0x0000000800000000)
  region size 4096K, 59 young (241664K), 1 survivors (4096K)
 Metaspace       used 21198K, committed 21504K, reserved 1114112K
  class space    used 2403K, committed 2560K, reserved 1048576K
}
Event: 3.055 GC heap after
{Heap after GC invocations=3 (full 0):
 garbage-first heap   total 524288K, used 20150K [0x0000000601c00000, 0x0000000800000000)
  region size 4096K, 5 young (20480K), 5 survivors (20480K)
 Metaspace       used 21198K, committed 21504K, reserved 1114112K
  class space    used 2403K, committed 2560K, reserved 1048576K
}
Event: 3.692 GC heap before
{Heap before GC invocations=4 (full 0):
 garbage-first heap   total 98304K, used 77494K [0x0000000601c00000, 0x0000000800000000)
  region size 4096K, 20 young (81920K), 5 survivors (20480K)
 Metaspace       used 27042K, committed 27392K, reserved 1114112K
  class space    used 3016K, committed 3200K, reserved 1048576K
}
Event: 3.704 GC heap after
{Heap after GC invocations=5 (full 0):
 garbage-first heap   total 126976K, used 40814K [0x0000000601c00000, 0x0000000800000000)
  region size 4096K, 8 young (32768K), 8 survivors (32768K)
 Metaspace       used 27042K, committed 27392K, reserved 1114112K
  class space    used 3016K, committed 3200K, reserved 1048576K
}
Event: 4.133 GC heap before
{Heap before GC invocations=5 (full 0):
 garbage-first heap   total 126976K, used 69486K [0x0000000601c00000, 0x0000000800000000)
  region size 4096K, 16 young (65536K), 8 survivors (32768K)
 Metaspace       used 28381K, committed 28736K, reserved 1114112K
  class space    used 3146K, committed 3328K, reserved 1048576K
}
Event: 4.148 GC heap after
{Heap after GC invocations=6 (full 0):
 garbage-first heap   total 126976K, used 47431K [0x0000000601c00000, 0x0000000800000000)
  region size 4096K, 2 young (8192K), 2 survivors (8192K)
 Metaspace       used 28381K, committed 28736K, reserved 1114112K
  class space    used 3146K, committed 3328K, reserved 1048576K
}
Event: 4.476 GC heap before
{Heap before GC invocations=6 (full 0):
 garbage-first heap   total 126976K, used 84295K [0x0000000601c00000, 0x0000000800000000)
  region size 4096K, 11 young (45056K), 2 survivors (8192K)
 Metaspace       used 29736K, committed 30144K, reserved 1114112K
  class space    used 3292K, committed 3520K, reserved 1048576K
}
Event: 4.481 GC heap after
{Heap after GC invocations=7 (full 0):
 garbage-first heap   total 126976K, used 50662K [0x0000000601c00000, 0x0000000800000000)
  region size 4096K, 1 young (4096K), 1 survivors (4096K)
 Metaspace       used 29736K, committed 30144K, reserved 1114112K
  class space    used 3292K, committed 3520K, reserved 1048576K
}
Event: 4.587 GC heap before
{Heap before GC invocations=7 (full 0):
 garbage-first heap   total 126976K, used 87526K [0x0000000601c00000, 0x0000000800000000)
  region size 4096K, 10 young (40960K), 1 survivors (4096K)
 Metaspace       used 29980K, committed 30336K, reserved 1114112K
  class space    used 3313K, committed 3520K, reserved 1048576K
}
Event: 4.591 GC heap after
{Heap after GC invocations=8 (full 0):
 garbage-first heap   total 327680K, used 50161K [0x0000000601c00000, 0x0000000800000000)
  region size 4096K, 1 young (4096K), 1 survivors (4096K)
 Metaspace       used 29980K, committed 30336K, reserved 1114112K
  class space    used 3313K, committed 3520K, reserved 1048576K
}
Event: 5.691 GC heap before
{Heap before GC invocations=8 (full 0):
 garbage-first heap   total 327680K, used 152561K [0x0000000601c00000, 0x0000000800000000)
  region size 4096K, 27 young (110592K), 1 survivors (4096K)
 Metaspace       used 35924K, committed 36288K, reserved 1114112K
  class space    used 4029K, committed 4224K, reserved 1048576K
}
Event: 5.698 GC heap after
{Heap after GC invocations=9 (full 0):
 garbage-first heap   total 327680K, used 56445K [0x0000000601c00000, 0x0000000800000000)
  region size 4096K, 2 young (8192K), 2 survivors (8192K)
 Metaspace       used 35924K, committed 36288K, reserved 1114112K
  class space    used 4029K, committed 4224K, reserved 1048576K
}
Event: 6.941 GC heap before
{Heap before GC invocations=10 (full 0):
 garbage-first heap   total 204800K, used 171133K [0x0000000601c00000, 0x0000000800000000)
  region size 4096K, 30 young (122880K), 2 survivors (8192K)
 Metaspace       used 38054K, committed 38464K, reserved 1114112K
  class space    used 4254K, committed 4416K, reserved 1048576K
}
Event: 6.951 GC heap after
{Heap after GC invocations=11 (full 0):
 garbage-first heap   total 204800K, used 77181K [0x0000000601c00000, 0x0000000800000000)
  region size 4096K, 4 young (16384K), 4 survivors (16384K)
 Metaspace       used 38054K, committed 38464K, reserved 1114112K
  class space    used 4254K, committed 4416K, reserved 1048576K
}
Event: 7.595 GC heap before
{Heap before GC invocations=11 (full 0):
 garbage-first heap   total 204800K, used 146813K [0x0000000601c00000, 0x0000000800000000)
  region size 4096K, 21 young (86016K), 4 survivors (16384K)
 Metaspace       used 39640K, committed 40000K, reserved 1114112K
  class space    used 4425K, committed 4608K, reserved 1048576K
}
Event: 7.602 GC heap after
{Heap after GC invocations=12 (full 0):
 garbage-first heap   total 204800K, used 76261K [0x0000000601c00000, 0x0000000800000000)
  region size 4096K, 1 young (4096K), 1 survivors (4096K)
 Metaspace       used 39640K, committed 40000K, reserved 1114112K
  class space    used 4425K, committed 4608K, reserved 1048576K
}

